This is pdfTeX, Version 3.14159265-2.6-1.40.16 (MiKTeX 2.9 64-bit) (preloaded format=pdflatex 2016.1.8)  27 MAY 2016 12:47
entering extended mode
**./OH3p_2705.tex
(OH3p_2705.tex
LaTeX2e <2015/10/01> patch level 2
Babel <3.9m> and hyphenation patterns for 69 languages loaded.

("C:\Users\sibarey\AppData\Local\Programs\MiKTeX 2.9\tex\latex\revtex4\revtex4.
cls"
Document Class: revtex4 2001/08/03 v4.0 (http://publish.aps.org/revtex4/ for do
cumentation)
 Copyright (c) 2001 The American Physical Society.
 mailto:revtex@aps.org
 Licensed under the LPPL:
http://www.ctan.org/tex-archive/macros/latex/base/lppl.txt
 Arthur Ogawa <ogawa@teleport.com>
 Based on work by David Carlisle <david@dcarlisle.demon.co.uk>.
ltxutil: portions licensed from W. E. Baxter (web@superscript.com)
Class revtex4 Info: Repairing broken LateX \@sect on input line 596.
\intertabularlinepenalty=\count79
\@tbpen=\count80
\@arstrutbox@hline=\box26
Class revtex4 Info: Repairing broken LaTeX \@xbitor on input line 1610.
ltxgrid: portions licensed from W. E. Baxter (web@superscript.com)
\c@linecount=\count81
\output=\toks14
\@protection@box=\box27
\@topmark@saved=\toks15
\footins@saved=\box28
\pagesofar=\box29
\footbox=\box30
\pagegrid@col=\count82
Class revtex4 Info: Incorporating package {textcase}  [1998/11/12 v0.06 Text on
ly upper/lower case changing (DPC)]. on input line 3682.
("C:\Users\sibarey\AppData\Local\Programs\MiKTeX 2.9\tex\latex\url\url.sty"
\Urlmuskip=\muskip10
Package: url 2013/09/16  ver 3.4  Verb mode for urls, etc.
)
\c@affil=\count83
\absbox=\box31
\c@part=\count84
\c@section=\count85
\c@subsection=\count86
\c@subsubsection=\count87
\c@paragraph=\count88
\c@subparagraph=\count89
\abovecaptionskip=\skip41
\belowcaptionskip=\skip42
\c@figure=\count90
\c@table=\count91

("C:\Users\sibarey\AppData\Local\Programs\MiKTeX 2.9\tex\latex\natbib\natbib.st
y"
Package: natbib 2010/09/13 8.31b (PWD, AO)
\bibhang=\skip43
\bibsep=\skip44
LaTeX Info: Redefining \cite on input line 694.
\c@NAT@ctr=\count92
)
\widetext@top=\box32
\widetext@bot=\box33

("C:\Users\sibarey\AppData\Local\Programs\MiKTeX 2.9\tex\latex\revtex4\revsymb.
sty"
Package: revsymb 2001/08/03 v4.0 (http://publish.aps.org/revtex4/ for documenta
tion)
LaTeX Info: Redefining \REV@mathfrak on input line 118.
)) ("C:\Program Files\MiKTeX 2.9\tex\latex\amsfonts\amssymb.sty"
Package: amssymb 2013/01/14 v3.01 AMS font symbols

("C:\Program Files\MiKTeX 2.9\tex\latex\amsfonts\amsfonts.sty"
Package: amsfonts 2013/01/14 v3.01 Basic AMSFonts support
\@emptytoks=\toks16
\symAMSa=\mathgroup4
\symAMSb=\mathgroup5
LaTeX Font Info:    Overwriting math alphabet `\mathfrak' in version `bold'
(Font)                  U/euf/m/n --> U/euf/b/n on input line 106.
LaTeX Info: Redefining \frak on input line 111.
LaTeX Info: Redefining \Bbb on input line 113.
))
("C:\Program Files\MiKTeX 2.9\tex\latex\amsmath\amsmath.sty"
Package: amsmath 2013/01/14 v2.14 AMS math features
\@mathmargin=\skip45

For additional information on amsmath, use the `?' option.
("C:\Program Files\MiKTeX 2.9\tex\latex\amsmath\amstext.sty"
Package: amstext 2000/06/29 v2.01

("C:\Program Files\MiKTeX 2.9\tex\latex\amsmath\amsgen.sty"
File: amsgen.sty 1999/11/30 v2.0
\@emptytoks=\toks17
\ex@=\dimen102
))
("C:\Program Files\MiKTeX 2.9\tex\latex\amsmath\amsbsy.sty"
Package: amsbsy 1999/11/29 v1.2d
\pmbraise@=\dimen103
)
("C:\Program Files\MiKTeX 2.9\tex\latex\amsmath\amsopn.sty"
Package: amsopn 1999/12/14 v2.01 operator names
)
\inf@bad=\count93
LaTeX Info: Redefining \frac on input line 210.
\uproot@=\count94
\leftroot@=\count95
LaTeX Info: Redefining \overline on input line 306.
\classnum@=\count96
\DOTSCASE@=\count97
LaTeX Info: Redefining \ldots on input line 378.
LaTeX Info: Redefining \dots on input line 381.
LaTeX Info: Redefining \cdots on input line 466.
\Mathstrutbox@=\box34
\strutbox@=\box35
\big@size=\dimen104
LaTeX Font Info:    Redeclaring font encoding OML on input line 566.
LaTeX Font Info:    Redeclaring font encoding OMS on input line 567.
\macc@depth=\count98
\c@MaxMatrixCols=\count99
\dotsspace@=\muskip11
\c@parentequation=\count100
\dspbrk@lvl=\count101
\tag@help=\toks18
\row@=\count102
\column@=\count103
\maxfields@=\count104
\andhelp@=\toks19
\eqnshift@=\dimen105
\alignsep@=\dimen106
\tagshift@=\dimen107
\tagwidth@=\dimen108
\totwidth@=\dimen109
\lineht@=\dimen110
\@envbody=\toks20
\multlinegap=\skip46
\multlinetaggap=\skip47
\mathdisplay@stack=\toks21
LaTeX Info: Redefining \[ on input line 2665.
LaTeX Info: Redefining \] on input line 2666.
)
("C:\Users\sibarey\AppData\Local\Programs\MiKTeX 2.9\tex\latex\revtex4\aps.rtx"
File: aps.rtx 2001/08/03 v4.0 (http://publish.aps.org/revtex4/ for documentatio
n)
)
("C:\Users\sibarey\AppData\Local\Programs\MiKTeX 2.9\tex\latex\revtex4\12pt.rtx
"
File: 12pt.rtx 2001/08/03 v4.0 (http://publish.aps.org/revtex4/ for documentati
on)
) ("C:\Program Files\MiKTeX 2.9\tex\latex\graphics\graphicx.sty"
Package: graphicx 2014/10/28 v1.0g Enhanced LaTeX Graphics (DPC,SPQR)

("C:\Program Files\MiKTeX 2.9\tex\latex\graphics\keyval.sty"
Package: keyval 2014/10/28 v1.15 key=value parser (DPC)
\KV@toks@=\toks22
)
("C:\Program Files\MiKTeX 2.9\tex\latex\graphics\graphics.sty"
Package: graphics 2014/10/28 v1.0p Standard LaTeX Graphics (DPC,SPQR)

("C:\Program Files\MiKTeX 2.9\tex\latex\graphics\trig.sty"
Package: trig 1999/03/16 v1.09 sin cos tan (DPC)
)
("C:\Program Files\MiKTeX 2.9\tex\latex\00miktex\graphics.cfg"
File: graphics.cfg 2007/01/18 v1.5 graphics configuration of teTeX/TeXLive
)
Package graphics Info: Driver file: pdftex.def on input line 94.

("C:\Program Files\MiKTeX 2.9\tex\latex\pdftex-def\pdftex.def"
File: pdftex.def 2011/05/27 v0.06d Graphics/color for pdfTeX

("C:\Program Files\MiKTeX 2.9\tex\generic\oberdiek\infwarerr.sty"
Package: infwarerr 2010/04/08 v1.3 Providing info/warning/error messages (HO)
)
("C:\Program Files\MiKTeX 2.9\tex\generic\oberdiek\ltxcmds.sty"
Package: ltxcmds 2011/11/09 v1.22 LaTeX kernel commands for general use (HO)
)
\Gread@gobject=\count105
))
\Gin@req@height=\dimen111
\Gin@req@width=\dimen112
)
("C:\Program Files\MiKTeX 2.9\tex\latex\tools\dcolumn.sty"
Package: dcolumn 2014/10/28 v1.06 decimal alignment package (DPC)

("C:\Program Files\MiKTeX 2.9\tex\latex\tools\array.sty"
Package: array 2014/10/28 v2.4c Tabular extension package (FMi)
\col@sep=\dimen113
\extrarowheight=\dimen114
\NC@list=\toks23
\extratabsurround=\skip48
\backup@length=\skip49
))
("C:\Program Files\MiKTeX 2.9\tex\latex\oberdiek\epstopdf.sty"
Package: epstopdf 2010/02/09 v2.5 Conversion with epstopdf on the fly (HO)

("C:\Program Files\MiKTeX 2.9\tex\latex\oberdiek\epstopdf-base.sty"
Package: epstopdf-base 2010/02/09 v2.5 Base part for package epstopdf

("C:\Program Files\MiKTeX 2.9\tex\latex\oberdiek\grfext.sty"
Package: grfext 2010/08/19 v1.1 Manage graphics extensions (HO)

("C:\Program Files\MiKTeX 2.9\tex\generic\oberdiek\kvdefinekeys.sty"
Package: kvdefinekeys 2011/04/07 v1.3 Define keys (HO)
))
("C:\Program Files\MiKTeX 2.9\tex\latex\oberdiek\kvoptions.sty"
Package: kvoptions 2011/06/30 v3.11 Key value format for package options (HO)

("C:\Program Files\MiKTeX 2.9\tex\generic\oberdiek\kvsetkeys.sty"
Package: kvsetkeys 2012/04/25 v1.16 Key value parser (HO)

("C:\Program Files\MiKTeX 2.9\tex\generic\oberdiek\etexcmds.sty"
Package: etexcmds 2011/02/16 v1.5 Avoid name clashes with e-TeX commands (HO)

("C:\Program Files\MiKTeX 2.9\tex\generic\oberdiek\ifluatex.sty"
Package: ifluatex 2010/03/01 v1.3 Provides the ifluatex switch (HO)
Package ifluatex Info: LuaTeX not detected.
)
Package etexcmds Info: Could not find \expanded.
(etexcmds)             That can mean that you are not using pdfTeX 1.50 or
(etexcmds)             that some package has redefined \expanded.
(etexcmds)             In the latter case, load this package earlier.
)))
("C:\Program Files\MiKTeX 2.9\tex\generic\oberdiek\pdftexcmds.sty"
Package: pdftexcmds 2011/11/29 v0.20 Utility functions of pdfTeX for LuaTeX (HO
)

("C:\Program Files\MiKTeX 2.9\tex\generic\oberdiek\ifpdf.sty"
Package: ifpdf 2011/01/30 v2.3 Provides the ifpdf switch (HO)
Package ifpdf Info: pdfTeX in PDF mode is detected.
)
Package pdftexcmds Info: LuaTeX not detected.
Package pdftexcmds Info: \pdf@primitive is available.
Package pdftexcmds Info: \pdf@ifprimitive is available.
Package pdftexcmds Info: \pdfdraftmode found.
)
Package grfext Info: Graphics extension search list:
(grfext)             [.png,.pdf,.jpg,.mps,.jpeg,.jbig2,.jb2,.PNG,.PDF,.JPG,.JPE
G,.JBIG2,.JB2,.eps]
(grfext)             \AppendGraphicsExtensions on input line 452.
))
("C:\Users\sibarey\AppData\Local\Programs\MiKTeX 2.9\tex\latex\xcolor\xcolor.st
y"
Package: xcolor 2007/01/21 v2.11 LaTeX color extensions (UK)
 ("C:\Program Files\MiKTeX 2.9\tex\latex\00miktex\color.cfg"
File: color.cfg 2007/01/18 v1.5 color configuration of teTeX/TeXLive
)
Package xcolor Info: Driver file: pdftex.def on input line 225.
Package xcolor Info: Model `cmy' substituted by `cmy0' on input line 1337.
Package xcolor Info: Model `hsb' substituted by `rgb' on input line 1341.
Package xcolor Info: Model `RGB' extended on input line 1353.
Package xcolor Info: Model `HTML' substituted by `rgb' on input line 1355.
Package xcolor Info: Model `Hsb' substituted by `hsb' on input line 1356.
Package xcolor Info: Model `tHsb' substituted by `hsb' on input line 1357.
Package xcolor Info: Model `HSB' substituted by `hsb' on input line 1358.
Package xcolor Info: Model `Gray' substituted by `gray' on input line 1359.
Package xcolor Info: Model `wave' substituted by `hsb' on input line 1360.
)
No file OH3p_2705.aux.
\openout1 = `OH3p_2705.aux'.

LaTeX Font Info:    Checking defaults for OML/cmm/m/it on input line 60.
LaTeX Font Info:    ... okay on input line 60.
LaTeX Font Info:    Checking defaults for T1/cmr/m/n on input line 60.
LaTeX Font Info:    ... okay on input line 60.
LaTeX Font Info:    Checking defaults for OT1/cmr/m/n on input line 60.
LaTeX Font Info:    ... okay on input line 60.
LaTeX Font Info:    Checking defaults for OMS/cmsy/m/n on input line 60.
LaTeX Font Info:    ... okay on input line 60.
LaTeX Font Info:    Checking defaults for OMX/cmex/m/n on input line 60.
LaTeX Font Info:    ... okay on input line 60.
LaTeX Font Info:    Checking defaults for U/cmr/m/n on input line 60.
LaTeX Font Info:    ... okay on input line 60.
Class revtex4 Info: Patching array package. on input line 60.
Class revtex4 Info: cite was not loaded (OK!) on input line 60.
Class revtex4 Info: multicol was not loaded (OK!) on input line 60.

("C:\Users\sibarey\AppData\Local\Programs\MiKTeX 2.9\tex\context\base\supp-pdf.
mkii"
[Loading MPS to PDF converter (version 2006.09.02).]
\scratchcounter=\count106
\scratchdimen=\dimen115
\scratchbox=\box36
\nofMPsegments=\count107
\nofMParguments=\count108
\everyMPshowfont=\toks24
\MPscratchCnt=\count109
\MPscratchDim=\dimen116
\MPnumerator=\count110
\makeMPintoPDFobject=\count111
\everyMPtoPDFconversion=\toks25
)
LaTeX Font Info:    Try loading font information for U+msa on input line 92.
 ("C:\Program Files\MiKTeX 2.9\tex\latex\amsfonts\umsa.fd"
File: umsa.fd 2013/01/14 v3.01 AMS symbols A
)
LaTeX Font Info:    Try loading font information for U+msb on input line 92.

("C:\Program Files\MiKTeX 2.9\tex\latex\amsfonts\umsb.fd"
File: umsb.fd 2013/01/14 v3.01 AMS symbols B
) [1{C:/Users/sibarey/AppData/Local/MiKTeX/2.9/pdftex/config/pdftex.map}]

Package natbib Warning: Citation `02GoMcGe.H3+' on page 2 undefined on input li
ne 129.


Package natbib Warning: Citation `05OkGeGo.H3+' on page 2 undefined on input li
ne 129.


Package natbib Warning: Citation `02KrKrLa.H3+' on page 2 undefined on input li
ne 130.


Package natbib Warning: Citation `04KrScTe.H3+' on page 2 undefined on input li
ne 130.


Package natbib Warning: Citation `96AnHeKe.H3O+' on page 2 undefined on input l
ine 134.


Package natbib Warning: Citation `00NeKhRo.H3O+' on page 2 undefined on input l
ine 134.


Package natbib Warning: Citation `00JeBiSa.H3O+' on page 2 undefined on input l
ine 134.


Package natbib Warning: Citation `10BuStMe.H3O+' on page 2 undefined on input l
ine 134.


Package natbib Warning: Citation `10NoBuSt.H3O+' on page 2 undefined on input l
ine 134.


Package natbib Warning: Citation `jt452' on page 2 undefined on input line 139.



Package natbib Warning: Citation `01SaKeWa.H3O+' on page 2 undefined on input l
ine 140.


Package natbib Warning: Citation `00JeBiSa.H3O+' on page 2 undefined on input l
ine 143.


Package natbib Warning: Citation `01GoCexx.H3O+' on page 2 undefined on input l
ine 143.


Package natbib Warning: Citation `92PhVaKe.H3O+' on page 2 undefined on input l
ine 147.


Package natbib Warning: Citation `00JeBiSa.H3O+' on page 2 undefined on input l
ine 157.


Package natbib Warning: Citation `01GoCexx.H3O+' on page 2 undefined on input l
ine 157.


Package natbib Warning: Citation `92PhVaKe.H3O+' on page 2 undefined on input l
ine 157.


Package natbib Warning: Citation `73LiDyxx.H3O+' on page 2 undefined on input l
ine 157.


Package natbib Warning: Citation `80FeHaxx.H3O+' on page 2 undefined on input l
ine 157.


Package natbib Warning: Citation `82SpBuxx.H3O+' on page 2 undefined on input l
ine 157.


Package natbib Warning: Citation `83BeGuPf.H3O+' on page 2 undefined on input l
ine 157.


Package natbib Warning: Citation `84DaHaJo.H3O+' on page 2 undefined on input l
ine 157.


Package natbib Warning: Citation `84BuAmSp.H3O+' on page 2 undefined on input l
ine 157.


Package natbib Warning: Citation `85BeSaxx.H3O+' on page 2 undefined on input l
ine 157.


Package natbib Warning: Citation `85LiOkxx.H3O+' on page 2 undefined on input l
ine 157.


Package natbib Warning: Citation `86DaJoHa.H3O+' on page 2 undefined on input l
ine 157.


Package natbib Warning: Citation `87GrPoSa.H3O+' on page 2 undefined on input l
ine 157.


Package natbib Warning: Citation `88HaLiOk.H3O+' on page 2 undefined on input l
ine 157.


Package natbib Warning: Citation `88VeTeMe.H3O+' on page 2 undefined on input l
ine 157.


Package natbib Warning: Citation `90OkYeMy.H3O+' on page 2 undefined on input l
ine 157.


Package natbib Warning: Citation `90PeNeOw.H3O+' on page 2 undefined on input l
ine 157.


Package natbib Warning: Citation `91HoPuOk.H3O+' on page 2 undefined on input l
ine 157.


Package natbib Warning: Citation `97UyWhOk.H3O+' on page 2 undefined on input l
ine 157.


Package natbib Warning: Citation `99ArOzSa.H3O+' on page 2 undefined on input l
ine 157.


Package natbib Warning: Citation `00ChJuGe.H3O+' on page 2 undefined on input l
ine 157.


Package natbib Warning: Citation `01AiOhIn.H3O+' on page 2 undefined on input l
ine 157.


Package natbib Warning: Citation `02ErSoDo.H3O+' on page 2 undefined on input l
ine 157.


Package natbib Warning: Citation `02CaWaZu.H3O+' on page 2 undefined on input l
ine 157.


Package natbib Warning: Citation `03RaMiHa.NH3' on page 2 undefined on input li
ne 157.


Package natbib Warning: Citation `03HuCaBo.H3O+' on page 2 undefined on input l
ine 157.


Package natbib Warning: Citation `05YuBuJe.H3O+' on page 2 undefined on input l
ine 157.


Package natbib Warning: Citation `06DoNexx.H3O+' on page 2 undefined on input l
ine 157.


Package natbib Warning: Citation `08FuFaxx.H3O+' on page 2 undefined on input l
ine 157.


Package natbib Warning: Citation `09YuDrPe.H3O+' on page 2 undefined on input l
ine 157.


Package natbib Warning: Citation `10MuDoNe.H3O+' on page 2 undefined on input l
ine 157.


Package natbib Warning: Citation `12PeWeBe.H3O+' on page 2 undefined on input l
ine 157.


Package natbib Warning: Citation `10BuStMe.H3O+' on page 2 undefined on input l
ine 157.


Package natbib Warning: Citation `jt181' on page 2 undefined on input line 159.



Package natbib Warning: Citation `10MiStMe.H3+' on page 2 undefined on input li
ne 159.


Package natbib Warning: Citation `13MiStTe.H3+' on page 2 undefined on input li
ne 159.

[2]

Package natbib Warning: Citation `15OwYuPo.H3O+' on page 3 undefined on input l
ine 165.


Package natbib Warning: Citation `TROVE' on page 3 undefined on input line 167.



Package natbib Warning: Citation `15YaYuxx.method' on page 3 undefined on input
 line 167.


Package natbib Warning: Citation `15OwYuPo.H3O+' on page 3 undefined on input l
ine 171.


Package natbib Warning: Citation `16TeHuNa.method' on page 3 undefined on input
 line 175.


Package natbib Warning: Citation `12TeYuxx.db' on page 3 undefined on input lin
e 176.


Package natbib Warning: Citation `16TeYuAl.db' on page 3 undefined on input lin
e 179.


Package natbib Warning: Citation `TROVE' on page 3 undefined on input line 188.



Package natbib Warning: Citation `15YaYuxx.method' on page 3 undefined on input
 line 188.


Package natbib Warning: Citation `08YuThCa.NH3+' on page 3 undefined on input l
ine 191.


Package natbib Warning: Citation `10YuCaYa.SbH3' on page 3 undefined on input l
ine 191.


Package natbib Warning: Citation `13SoYuTe.PH3' on page 3 undefined on input li
ne 191.


Package natbib Warning: Citation `13UnTeYu.SO3' on page 3 undefined on input li
ne 191.


Package natbib Warning: Citation `14UnYuTe.SO3' on page 3 undefined on input li
ne 191.


Package natbib Warning: Citation `15SoAlTe.PH3' on page 3 undefined on input li
ne 191.


Package natbib Warning: Citation `15AdYaYuJe.CH3' on page 3 undefined on input 
line 191.


Package natbib Warning: Citation `09YuBaYa.NH3' on page 3 undefined on input li
ne 191.


Package natbib Warning: Citation `11YuBaTe.NH3' on page 3 undefined on input li
ne 191.


Package natbib Warning: Citation `03RaMiHa.NH3' on page 3 undefined on input li
ne 195.


Package natbib Warning: Citation `99TaOkxx.H3O+' on page 3 undefined on input l
ine 196.


Package natbib Warning: Citation `03RaMiHa.NH3' on page 3 undefined on input li
ne 197.


Package natbib Warning: Citation `15OwYuPo.H3O+' on page 3 undefined on input l
ine 199.


Package natbib Warning: Citation `15Yuxxxx.15NH3' on page 3 undefined on input 
line 199.


Package natbib Warning: Citation `15OwYuPo.H3O+' on page 3 undefined on input l
ine 202.

[3]

Package natbib Warning: Citation `09YuBaYa.NH3' on page 4 undefined on input li
ne 221.


Package natbib Warning: Citation `16TeHuNa.method' on page 4 undefined on input
 line 230.


Package natbib Warning: Citation `05YuThCa.method' on page 4 undefined on input
 line 249.


Package natbib Warning: Citation `16TeYuAl.db' on page 4 undefined on input lin
e 252.

[4]

Package natbib Warning: Citation `88Jensen.CH2' on page 5 undefined on input li
ne 282.


Package natbib Warning: Citation `98BuJexx.method' on page 5 undefined on input
 line 306.

[5]

LaTeX Warning: Reference `tab:Expt' on page 6 undefined on input line 318.


Package natbib Warning: Citation `86LiOkSe.H3O+' on page 6 undefined on input l
ine 336.


Package natbib Warning: Citation `86DaJoHa.H3O+' on page 6 undefined on input l
ine 337.


Package natbib Warning: Citation `99TaOkxx.H3O+' on page 6 undefined on input l
ine 338.


Package natbib Warning: Citation `99TaOkxx.H3O+' on page 6 undefined on input l
ine 339.


Package natbib Warning: Citation `87GrPoSa.H3O+' on page 6 undefined on input l
ine 340.


Package natbib Warning: Citation `99TaOkxx.H3O+' on page 6 undefined on input l
ine 341.


Package natbib Warning: Citation `86LiOkSe.H3O+' on page 6 undefined on input l
ine 342.


Package natbib Warning: Citation `99TaOkxx.H3O+' on page 6 undefined on input l
ine 343.


Package natbib Warning: Citation `99TaOkxx.H3O+' on page 6 undefined on input l
ine 344.


Package natbib Warning: Citation `87GrPoSa.H3O+' on page 6 undefined on input l
ine 345.


Package natbib Warning: Citation `90PeNeOw.H3O+' on page 6 undefined on input l
ine 349.


Package natbib Warning: Citation `90PeNeOw.H3O+' on page 6 undefined on input l
ine 350.


Package natbib Warning: Citation `98ArOzSa.H3O+' on page 6 undefined on input l
ine 351.


Package natbib Warning: Citation `90PeNeOw.H3O+' on page 6 undefined on input l
ine 352.


Package natbib Warning: Citation `90PeNeOw.H3O+' on page 6 undefined on input l
ine 353.


Package natbib Warning: Citation `08FuFaxx.H3O+' on page 6 undefined on input l
ine 359.


Package natbib Warning: Citation `06DoNexx.H3O+' on page 6 undefined on input l
ine 360.


Package natbib Warning: Citation `06DoNexx.H3O+' on page 6 undefined on input l
ine 361.


Package natbib Warning: Citation `06DoNexx.H3O+' on page 6 undefined on input l
ine 362.


Package natbib Warning: Citation `06DoNexx.H3O+' on page 6 undefined on input l
ine 363.


Package natbib Warning: Citation `08FuFaxx.H3O+' on page 6 undefined on input l
ine 367.


LaTeX Warning: Reference `fig:lifetime-1' on page 6 undefined on input line 388
.


LaTeX Warning: Reference `tab:LF' on page 6 undefined on input line 466.


LaTeX Warning: Reference `fig:CM' on page 6 undefined on input line 485.


LaTeX Warning: Reference `fig:CM' on page 6 undefined on input line 493.

[6]

LaTeX Warning: Reference `tab:LF' on page 7 undefined on input line 495.


LaTeX Warning: Reference `e:A' on page 7 undefined on input line 498.

[7] [8]

LaTeX Warning: Reference `fig:lifetime-1' on page 9 undefined on input line 502
.


LaTeX Warning: File `figs/h3op-1c.eps' not found on input line 516.

Package epstopdf Info: Source file: <figs/h3op-1c.eps>
(epstopdf)             Output file: <figs/h3op-1c-eps-converted-to.pdf>
(epstopdf)             Command: <epstopdf --outfile=figs/h3op-1c-eps-converted-
to.pdf figs/h3op-1c.eps>
(epstopdf)             \includegraphics on input line 516.
Package epstopdf Info: Output file is already uptodate.

! Package pdftex.def Error: File `figs/h3op-1c-eps-converted-to.pdf' not found.


See the pdftex.def package documentation for explanation.
Type  H <return>  for immediate help.
 ...                                              
                                                  
l.516 ...ludegraphics[width=8cm]{figs/h3op-1c.eps}
                                                   & \includegraphics[width=...

? r
OK, entering \nonstopmode...

LaTeX Warning: File `figs/d3op-1c.eps' not found on input line 516.

Package epstopdf Info: Source file: <figs/d3op-1c.eps>
(epstopdf)             Output file: <figs/d3op-1c-eps-converted-to.pdf>
(epstopdf)             Command: <epstopdf --outfile=figs/d3op-1c-eps-converted-
to.pdf figs/d3op-1c.eps>
(epstopdf)             \includegraphics on input line 516.
Package epstopdf Info: Output file is already uptodate.

! Package pdftex.def Error: File `figs/d3op-1c-eps-converted-to.pdf' not found.


See the pdftex.def package documentation for explanation.
Type  H <return>  for immediate help.
 ...                                              
                                                  
l.516 ...ludegraphics[width=8cm]{figs/d3op-1c.eps}
                                                   \\
Using draft setting for this image.
Try typing  <return>  to proceed.
If that doesn't work, type  X <return>  to quit.


LaTeX Warning: File `figs/h2dop-1c.eps' not found on input line 518.

Package epstopdf Info: Source file: <figs/h2dop-1c.eps>
(epstopdf)             Output file: <figs/h2dop-1c-eps-converted-to.pdf>
(epstopdf)             Command: <epstopdf --outfile=figs/h2dop-1c-eps-converted
-to.pdf figs/h2dop-1c.eps>
(epstopdf)             \includegraphics on input line 518.
Package epstopdf Info: Output file is already uptodate.

! Package pdftex.def Error: File `figs/h2dop-1c-eps-converted-to.pdf' not found
.

See the pdftex.def package documentation for explanation.
Type  H <return>  for immediate help.
 ...                                              
                                                  
l.518 ...udegraphics[width=8cm]{figs/h2dop-1c.eps}
                                                  & \includegraphics[width=8...

Using draft setting for this image.
Try typing  <return>  to proceed.
If that doesn't work, type  X <return>  to quit.


LaTeX Warning: File `figs/hd2op-1c.eps' not found on input line 518.

Package epstopdf Info: Source file: <figs/hd2op-1c.eps>
(epstopdf)             Output file: <figs/hd2op-1c-eps-converted-to.pdf>
(epstopdf)             Command: <epstopdf --outfile=figs/hd2op-1c-eps-converted
-to.pdf figs/hd2op-1c.eps>
(epstopdf)             \includegraphics on input line 518.
Package epstopdf Info: Output file is already uptodate.

! Package pdftex.def Error: File `figs/hd2op-1c-eps-converted-to.pdf' not found
.

See the pdftex.def package documentation for explanation.
Type  H <return>  for immediate help.
 ...                                              
                                                  
l.518 ...udegraphics[width=8cm]{figs/hd2op-1c.eps}
                                                  \\
Using draft setting for this image.
Try typing  <return>  to proceed.
If that doesn't work, type  X <return>  to quit.


LaTeX Warning: Reference `fig:cooling' on page 9 undefined on input line 529.


LaTeX Warning: Reference `e:A' on page 9 undefined on input line 531.


LaTeX Warning: Reference `e:cooling' on page 9 undefined on input line 531.

[9]

LaTeX Warning: Reference `fig:cooling' on page 10 undefined on input line 538.


LaTeX Warning: File `figs/cooling-log.eps' not found on input line 572.

Package epstopdf Info: Source file: <figs/cooling-log.eps>
(epstopdf)             Output file: <figs/cooling-log-eps-converted-to.pdf>
(epstopdf)             Command: <epstopdf --outfile=figs/cooling-log-eps-conver
ted-to.pdf figs/cooling-log.eps>
(epstopdf)             \includegraphics on input line 572.
Package epstopdf Info: Output file is already uptodate.

! Package pdftex.def Error: File `figs/cooling-log-eps-converted-to.pdf' not fo
und.

See the pdftex.def package documentation for explanation.
Type  H <return>  for immediate help.
 ...                                              
                                                  
l.572 ...graphics[width=9cm]{figs/cooling-log.eps}
                                                  
Using draft setting for this image.
Try typing  <return>  to proceed.
If that doesn't work, type  X <return>  to quit.


LaTeX Warning: File `figs/CM_change.eps' not found on input line 582.

Package epstopdf Info: Source file: <figs/CM_change.eps>
(epstopdf)             Output file: <figs/CM_change-eps-converted-to.pdf>
(epstopdf)             Command: <epstopdf --outfile=figs/CM_change-eps-converte
d-to.pdf figs/CM_change.eps>
(epstopdf)             \includegraphics on input line 582.
Package epstopdf Info: Output file is already uptodate.

! Package pdftex.def Error: File `figs/CM_change-eps-converted-to.pdf' not foun
d.

See the pdftex.def package documentation for explanation.
Type  H <return>  for immediate help.
 ...                                              
                                                  
l.582 ...degraphics[width=9cm]{figs/CM_change.eps}
                                                  
Using draft setting for this image.
Try typing  <return>  to proceed.
If that doesn't work, type  X <return>  to quit.

[10]
No file OH3p_2705.bbl.

LaTeX Warning: Reference `LastBibItem' on page 11 undefined on input line 642.


Package natbib Warning: There were undefined citations.

[11] [12] (OH3p_2705.aux)

LaTeX Warning: There were undefined references.


LaTeX Warning: Label(s) may have changed. Rerun to get cross-references right .


 ) 
Here is how much of TeX's memory you used:
 4563 strings out of 493634
 58080 string characters out of 3143739
 157611 words of memory out of 3000000
 7881 multiletter control sequences out of 15000+200000
 15822 words of font info for 61 fonts, out of 3000000 for 9000
 1025 hyphenation exceptions out of 8191
 42i,15n,35p,706b,327s stack positions out of 5000i,500n,10000p,200000b,50000s
<C:/Program Files/MiKTeX 2.9/fonts/type1/public/amsfonts/cm/cmbx10.pfb><C:/Pr
ogram Files/MiKTeX 2.9/fonts/type1/public/amsfonts/cm/cmbx12.pfb><C:/Program Fi
les/MiKTeX 2.9/fonts/type1/public/amsfonts/cm/cmbx8.pfb><C:/Program Files/MiKTe
X 2.9/fonts/type1/public/amsfonts/cm/cmcsc10.pfb><C:/Program Files/MiKTeX 2.9/f
onts/type1/public/amsfonts/cm/cmex10.pfb><C:/Program Files/MiKTeX 2.9/fonts/typ
e1/public/amsfonts/cm/cmmi10.pfb><C:/Program Files/MiKTeX 2.9/fonts/type1/publi
c/amsfonts/cm/cmmi12.pfb><C:/Program Files/MiKTeX 2.9/fonts/type1/public/amsfon
ts/cm/cmmi6.pfb><C:/Program Files/MiKTeX 2.9/fonts/type1/public/amsfonts/cm/cmm
i8.pfb><C:/Program Files/MiKTeX 2.9/fonts/type1/public/amsfonts/cm/cmr10.pfb><C
:/Program Files/MiKTeX 2.9/fonts/type1/public/amsfonts/cm/cmr12.pfb><C:/Program
 Files/MiKTeX 2.9/fonts/type1/public/amsfonts/cm/cmr8.pfb><C:/Program Files/MiK
TeX 2.9/fonts/type1/public/amsfonts/cm/cmsy10.pfb><C:/Program Files/MiKTeX 2.9/
fonts/type1/public/amsfonts/cm/cmsy8.pfb><C:/Program Files/MiKTeX 2.9/fonts/typ
e1/public/amsfonts/cm/cmti10.pfb><C:/Program Files/MiKTeX 2.9/fonts/type1/publi
c/amsfonts/cm/cmti12.pfb><C:/Program Files/MiKTeX 2.9/fonts/type1/public/amsfon
ts/cm/cmti8.pfb><C:/Program Files/MiKTeX 2.9/fonts/type1/public/amsfonts/cm/cmt
t10.pfb>
Output written on OH3p_2705.pdf (12 pages, 250301 bytes).
PDF statistics:
 113 PDF objects out of 1000 (max. 8388607)
 0 named destinations out of 1000 (max. 500000)
 1 words of extra memory for PDF output out of 10000 (max. 10000000)

